composeApp/build/intermediates/manifest_merge_blame_file/debug/processDebugMainManifest/manifest-merger-blame-debug-report.txt
1<?xml version="1.0" encoding="utf-8"?>
2<manifest xmlns:android="http://schemas.android.com/apk/res/android"
3    package="com.codelearn.ide"
4    android:versionCode="1"
5    android:versionName="1.0" >
6
7    <uses-sdk
7-->INJECTED
8        android:minSdkVersion="24"
8-->INJECTED
9        android:targetSdkVersion="35" />
9-->INJECTED
10
11    <!-- Required for Piston API (real compiler) and Claude AI API -->
12    <uses-permission android:name="android.permission.INTERNET" />
12-->src/androidMain/AndroidManifest.xml:5:5-67
12-->src/androidMain/AndroidManifest.xml:5:22-64
13    <uses-permission
13-->src/androidMain/AndroidManifest.xml:6:5-108
14        android:name="android.permission.WRITE_EXTERNAL_STORAGE"
14-->src/androidMain/AndroidManifest.xml:6:22-78
15        android:maxSdkVersion="28" />
15-->src/androidMain/AndroidManifest.xml:6:79-105
16    <uses-permission
16-->src/androidMain/AndroidManifest.xml:7:5-107
17        android:name="android.permission.READ_EXTERNAL_STORAGE"
17-->src/androidMain/AndroidManifest.xml:7:22-77
18        android:maxSdkVersion="32" />
18-->src/androidMain/AndroidManifest.xml:7:78-104
19
20    <permission
20-->[androidx.core:core:1.18.0] AndroidManifest.xml:22:5-24:47
21        android:name="com.codelearn.ide.DYNAMIC_RECEIVER_NOT_EXPORTED_PERMISSION"
21-->[androidx.core:core:1.18.0] AndroidManifest.xml:23:9-81
22        android:protectionLevel="signature" />
22-->[androidx.core:core:1.18.0] AndroidManifest.xml:24:9-44
23
24    <uses-permission android:name="com.codelearn.ide.DYNAMIC_RECEIVER_NOT_EXPORTED_PERMISSION" />
24-->[androidx.core:core:1.18.0] AndroidManifest.xml:26:5-97
24-->[androidx.core:core:1.18.0] AndroidManifest.xml:26:22-94
25
26    <application
26-->src/androidMain/AndroidManifest.xml:9:5-28:19
27        android:allowBackup="true"
27-->src/androidMain/AndroidManifest.xml:10:9-35
28        android:appComponentFactory="androidx.core.app.CoreComponentFactory"
28-->[androidx.core:core:1.18.0] AndroidManifest.xml:28:18-86
29        android:debuggable="true"
30        android:extractNativeLibs="false"
30-->INJECTED
31        android:icon="@mipmap/ic_launcher"
31-->src/androidMain/AndroidManifest.xml:11:9-43
32        android:label="CodeLearn IDE"
32-->src/androidMain/AndroidManifest.xml:12:9-38
33        android:roundIcon="@mipmap/ic_launcher_round"
33-->src/androidMain/AndroidManifest.xml:14:9-54
34        android:supportsRtl="true"
34-->src/androidMain/AndroidManifest.xml:15:9-35
35        android:testOnly="true"
36        android:theme="@android:style/Theme.Material.NoActionBar"
36-->src/androidMain/AndroidManifest.xml:16:9-66
37        android:usesCleartextTraffic="true" >
37-->src/androidMain/AndroidManifest.xml:13:9-44
38        <activity
38-->src/androidMain/AndroidManifest.xml:18:9-27:20
39            android:name="com.codelearn.ide.MainActivity"
39-->src/androidMain/AndroidManifest.xml:19:13-41
40            android:configChanges="orientation|screenSize|screenLayout|keyboardHidden"
40-->src/androidMain/AndroidManifest.xml:21:13-87
41            android:exported="true"
41-->src/androidMain/AndroidManifest.xml:20:13-36
42            android:windowSoftInputMode="adjustResize" >
42-->src/androidMain/AndroidManifest.xml:22:13-55
43            <intent-filter>
43-->src/androidMain/AndroidManifest.xml:23:13-26:29
44                <action android:name="android.intent.action.MAIN" />
44-->src/androidMain/AndroidManifest.xml:24:17-69
44-->src/androidMain/AndroidManifest.xml:24:25-66
45
46                <category android:name="android.intent.category.LAUNCHER" />
46-->src/androidMain/AndroidManifest.xml:25:17-77
46-->src/androidMain/AndroidManifest.xml:25:27-74
47            </intent-filter>
48        </activity>
49
50        <provider
50-->[org.jetbrains.compose.components:components-resources-android:1.10.2] AndroidManifest.xml:8:9-13:20
51            android:name="org.jetbrains.compose.resources.AndroidContextProvider"
51-->[org.jetbrains.compose.components:components-resources-android:1.10.2] AndroidManifest.xml:9:13-82
52            android:authorities="com.codelearn.ide.resources.AndroidContextProvider"
52-->[org.jetbrains.compose.components:components-resources-android:1.10.2] AndroidManifest.xml:10:13-84
53            android:enabled="true"
53-->[org.jetbrains.compose.components:components-resources-android:1.10.2] AndroidManifest.xml:11:13-35
54            android:exported="false" >
54-->[org.jetbrains.compose.components:components-resources-android:1.10.2] AndroidManifest.xml:12:13-37
55        </provider>
56
57        <uses-library
57-->[androidx.window:window:1.5.0] AndroidManifest.xml:23:9-25:40
58            android:name="androidx.window.extensions"
58-->[androidx.window:window:1.5.0] AndroidManifest.xml:24:13-54
59            android:required="false" />
59-->[androidx.window:window:1.5.0] AndroidManifest.xml:25:13-37
60        <uses-library
60-->[androidx.window:window:1.5.0] AndroidManifest.xml:26:9-28:40
61            android:name="androidx.window.sidecar"
61-->[androidx.window:window:1.5.0] AndroidManifest.xml:27:13-51
62            android:required="false" />
62-->[androidx.window:window:1.5.0] AndroidManifest.xml:28:13-37
63
64        <provider
64-->[androidx.emoji2:emoji2:1.4.0] AndroidManifest.xml:24:9-32:20
65            android:name="androidx.startup.InitializationProvider"
65-->[androidx.emoji2:emoji2:1.4.0] AndroidManifest.xml:25:13-67
66            android:authorities="com.codelearn.ide.androidx-startup"
66-->[androidx.emoji2:emoji2:1.4.0] AndroidManifest.xml:26:13-68
67            android:exported="false" >
67-->[androidx.emoji2:emoji2:1.4.0] AndroidManifest.xml:27:13-37
68            <meta-data
68-->[androidx.emoji2:emoji2:1.4.0] AndroidManifest.xml:29:13-31:52
69                android:name="androidx.emoji2.text.EmojiCompatInitializer"
69-->[androidx.emoji2:emoji2:1.4.0] AndroidManifest.xml:30:17-75
70                android:value="androidx.startup" />
70-->[androidx.emoji2:emoji2:1.4.0] AndroidManifest.xml:31:17-49
71            <meta-data
71-->[androidx.lifecycle:lifecycle-process:2.10.0] AndroidManifest.xml:29:13-31:52
72                android:name="androidx.lifecycle.ProcessLifecycleInitializer"
72-->[androidx.lifecycle:lifecycle-process:2.10.0] AndroidManifest.xml:30:17-78
73                android:value="androidx.startup" />
73-->[androidx.lifecycle:lifecycle-process:2.10.0] AndroidManifest.xml:31:17-49
74            <meta-data
74-->[androidx.profileinstaller:profileinstaller:1.4.0] AndroidManifest.xml:29:13-31:52
75                android:name="androidx.profileinstaller.ProfileInstallerInitializer"
75-->[androidx.profileinstaller:profileinstaller:1.4.0] AndroidManifest.xml:30:17-85
76                android:value="androidx.startup" />
76-->[androidx.profileinstaller:profileinstaller:1.4.0] AndroidManifest.xml:31:17-49
77            <meta-data
77-->[com.squareup.okhttp3:okhttp-android:5.3.2] AndroidManifest.xml:16:13-18:52
78                android:name="okhttp3.internal.platform.PlatformInitializer"
78-->[com.squareup.okhttp3:okhttp-android:5.3.2] AndroidManifest.xml:17:17-77
79                android:value="androidx.startup" />
79-->[com.squareup.okhttp3:okhttp-android:5.3.2] AndroidManifest.xml:18:17-49
80        </provider>
81
82        <receiver
82-->[androidx.profileinstaller:profileinstaller:1.4.0] AndroidManifest.xml:34:9-52:20
83            android:name="androidx.profileinstaller.ProfileInstallReceiver"
83-->[androidx.profileinstaller:profileinstaller:1.4.0] AndroidManifest.xml:35:13-76
84            android:directBootAware="false"
84-->[androidx.profileinstaller:profileinstaller:1.4.0] AndroidManifest.xml:36:13-44
85            android:enabled="true"
85-->[androidx.profileinstaller:profileinstaller:1.4.0] AndroidManifest.xml:37:13-35
86            android:exported="true"
86-->[androidx.profileinstaller:profileinstaller:1.4.0] AndroidManifest.xml:38:13-36
87            android:permission="android.permission.DUMP" >
87-->[androidx.profileinstaller:profileinstaller:1.4.0] AndroidManifest.xml:39:13-57
88            <intent-filter>
88-->[androidx.profileinstaller:profileinstaller:1.4.0] AndroidManifest.xml:40:13-42:29
89                <action android:name="androidx.profileinstaller.action.INSTALL_PROFILE" />
89-->[androidx.profileinstaller:profileinstaller:1.4.0] AndroidManifest.xml:41:17-91
89-->[androidx.profileinstaller:profileinstaller:1.4.0] AndroidManifest.xml:41:25-88
90            </intent-filter>
91            <intent-filter>
91-->[androidx.profileinstaller:profileinstaller:1.4.0] AndroidManifest.xml:43:13-45:29
92                <action android:name="androidx.profileinstaller.action.SKIP_FILE" />
92-->[androidx.profileinstaller:profileinstaller:1.4.0] AndroidManifest.xml:44:17-85
92-->[androidx.profileinstaller:profileinstaller:1.4.0] AndroidManifest.xml:44:25-82
93            </intent-filter>
94            <intent-filter>
94-->[androidx.profileinstaller:profileinstaller:1.4.0] AndroidManifest.xml:46:13-48:29
95                <action android:name="androidx.profileinstaller.action.SAVE_PROFILE" />
95-->[androidx.profileinstaller:profileinstaller:1.4.0] AndroidManifest.xml:47:17-88
95-->[androidx.profileinstaller:profileinstaller:1.4.0] AndroidManifest.xml:47:25-85
96            </intent-filter>
97            <intent-filter>
97-->[androidx.profileinstaller:profileinstaller:1.4.0] AndroidManifest.xml:49:13-51:29
98                <action android:name="androidx.profileinstaller.action.BENCHMARK_OPERATION" />
98-->[androidx.profileinstaller:profileinstaller:1.4.0] AndroidManifest.xml:50:17-95
98-->[androidx.profileinstaller:profileinstaller:1.4.0] AndroidManifest.xml:50:25-92
99            </intent-filter>
100        </receiver>
101    </application>
102
103</manifest>